2025-06-09T17:09:32.069Z [WebDevelopmentService] info: deleteDeveloper called with id=7
2025-06-09T17:09:32.114Z [WebDevelopmentService] warn: Developer with id=7 not found
2025-06-09T17:09:49.752Z [WebDevelopmentService] error: Foydalanuvchi topilmadi
2025-06-09T17:09:58.508Z [WebDevelopmentService] error: Foydalanuvchi topilmadi
2025-06-09T17:10:21.217Z [WebDevelopmentService] error: Bu email allaqachon ro'yxatdan o'tgan
2025-06-09T17:10:37.296Z [WebDevelopmentService] error: Refresh token mavjud emas
2025-06-09T17:11:38.668Z [WebDevelopmentService] error: Refresh token mavjud emas
2025-06-09T17:15:12.749Z [WebDevelopmentService] error: Refresh token mavjud emas
2025-06-09T17:16:06.926Z [WebDevelopmentService] error: [object Object]
2025-06-09T17:23:12.073Z [WebDevelopmentService] info: getAllDevelopers called
2025-06-09T17:28:19.585Z [WebDevelopmentService] info: getAllDevelopers called
2025-06-09T17:28:24.774Z [WebDevelopmentService] info: getAllDevelopers called
2025-06-09T17:29:32.472Z [WebDevelopmentService] error: getAllDevelopers error: Cannot read properties of null (reading 'someNonExistingFunction')
2025-06-09T17:29:32.479Z [WebDevelopmentService] error: Cannot read properties of null (reading 'someNonExistingFunction')
2025-06-09T17:29:33.513Z [WebDevelopmentService] error: getAllDevelopers error: Cannot read properties of null (reading 'someNonExistingFunction')
2025-06-09T17:29:33.514Z [WebDevelopmentService] error: Cannot read properties of null (reading 'someNonExistingFunction')
2025-06-09T17:30:41.645Z [WebDevelopmentService] info: deleteDeveloper called with id=7
2025-06-09T17:30:41.684Z [WebDevelopmentService] warn: Developer with id=7 not found
2025-06-09T17:31:03.889Z [WebDevelopmentService] info: getAllDevelopers called
2025-06-09T17:31:53.313Z [WebDevelopmentService] info: getAllDevelopers called
2025-06-09T17:31:54.575Z [WebDevelopmentService] info: getAllDevelopers called
2025-06-09T17:34:40.445Z [WebDevelopmentService] info: User registered successfully: id=9, email=qyuldashev261@example.com, type=developer
2025-06-09 23:05:32 [WebDevelopmentService] error: logger is not defined
2025-06-09 23:05:32 [WebDevelopmentService] info: GET /api/client/ 500 9ms
2025-06-09 23:05:33 [WebDevelopmentService] error: logger is not defined
2025-06-09 23:05:33 [WebDevelopmentService] info: GET /api/client/ 500 2ms
2025-06-09 23:06:18 [WebDevelopmentService] info: User registered successfully: id=2, email=qyuldashev261@example.com, type=client
2025-06-09 23:06:18 [WebDevelopmentService] info: POST /api/auth/register 201 519ms
2025-06-09 23:06:23 [WebDevelopmentService] error: logger is not defined
2025-06-09 23:06:23 [WebDevelopmentService] info: GET /api/client/1 500 5ms
2025-06-09 23:06:25 [WebDevelopmentService] error: logger is not defined
2025-06-09 23:06:25 [WebDevelopmentService] info: GET /api/client/ 500 1ms
2025-06-09 23:06:57 [WebDevelopmentService] info: getAllClients called
2025-06-09 23:06:57 [WebDevelopmentService] info: GET /api/client/ 200 54ms
2025-06-09 23:07:02 [WebDevelopmentService] info: getClientById called with id=1
2025-06-09 23:07:02 [WebDevelopmentService] warn: Client with id=1 not found
2025-06-09 23:07:02 [WebDevelopmentService] info: GET /api/client/1 404 13ms
2025-06-09 23:07:06 [WebDevelopmentService] info: getClientById called with id=2
2025-06-09 23:07:06 [WebDevelopmentService] info: GET /api/client/2 200 8ms
2025-06-09 23:08:34 [WebDevelopmentService] info: updateClient called with id=2
2025-06-09 23:08:34 [WebDevelopmentService] info: Client with id=2 updated
2025-06-09 23:08:34 [WebDevelopmentService] info: PATCH /api/client/2 200 250ms
2025-06-09 23:08:58 [WebDevelopmentService] info: deleteClient called with id=2
2025-06-09 23:08:58 [WebDevelopmentService] info: Client with id=2 deleted
2025-06-09 23:08:58 [WebDevelopmentService] info: DELETE /api/client/2 200 204ms
2025-06-09 23:16:46 [WebDevelopmentService] info: User registered successfully: id=3, email=qyuldashev261@example.com, type=client
2025-06-09 23:16:46 [WebDevelopmentService] info: POST /api/auth/register 201 470ms
2025-06-09 23:16:50 [WebDevelopmentService] info: User logged in successfully: id=3, email=qyuldashev261@example.com, type=client
2025-06-09 23:16:50 [WebDevelopmentService] info: POST /api/auth/login 200 243ms
2025-06-09 23:17:26 [WebDevelopmentService] info: POST /api/refresh/ 404 3ms
2025-06-09 23:17:34 [WebDevelopmentService] info: POST /api/refresh/ 404 1ms
2025-06-09 23:17:46 [WebDevelopmentService] info: Refresh token muvaffaqiyatli yangilandi: id=3, type=client
2025-06-09 23:17:46 [WebDevelopmentService] info: POST /api/auth/refresh 200 141ms
2025-06-09 23:24:41 [WebDevelopmentService] error: mailService.sendActivationMail is not a function
2025-06-09 23:24:41 [WebDevelopmentService] info: POST /api/auth/register 500 427ms
2025-06-09 23:24:46 [WebDevelopmentService] error: Bu email allaqachon ro'yxatdan o'tgan
2025-06-09 23:24:46 [WebDevelopmentService] info: POST /api/auth/register 500 9ms
2025-06-09 23:25:37 [WebDevelopmentService] error: Bu email allaqachon ro'yxatdan o'tgan
2025-06-09 23:25:37 [WebDevelopmentService] info: POST /api/auth/register 500 97ms
2025-06-09 23:26:04 [WebDevelopmentService] error: mailService.sendActivationMail is not a function
2025-06-09 23:26:04 [WebDevelopmentService] info: POST /api/auth/register 500 425ms
2025-06-09 23:28:49 [WebDevelopmentService] error: Bu email allaqachon ro'yxatdan o'tgan
2025-06-09 23:28:49 [WebDevelopmentService] info: POST /api/auth/register 500 80ms
2025-06-09 23:29:25 [WebDevelopmentService] error: Bu email allaqachon ro'yxatdan o'tgan
2025-06-09 23:29:25 [WebDevelopmentService] info: POST /api/auth/register 500 104ms
2025-06-09 23:31:11 [WebDevelopmentService] warn: Register failed: email already exists - qobiljonyuldashev612@gmail.com
2025-06-09 23:31:11 [WebDevelopmentService] error: Bu email allaqachon ro'yxatdan o'tgan
2025-06-09 23:31:11 [WebDevelopmentService] info: POST /api/auth/register 500 74ms
2025-06-09 23:31:29 [WebDevelopmentService] error: Register error: crypto.randomBytes is not a function
2025-06-09 23:31:29 [WebDevelopmentService] error: crypto.randomBytes is not a function
2025-06-09 23:31:29 [WebDevelopmentService] info: POST /api/auth/register 500 343ms
2025-06-09 23:32:07 [WebDevelopmentService] error: Register error: mailService is not defined
2025-06-09 23:32:07 [WebDevelopmentService] error: mailService is not defined
2025-06-09 23:32:07 [WebDevelopmentService] info: POST /api/auth/register 500 211ms
2025-06-09 23:32:32 [WebDevelopmentService] warn: Register failed: email already exists - ydilfuza723@gmail.com
2025-06-09 23:32:32 [WebDevelopmentService] error: Bu email allaqachon ro'yxatdan o'tgan
2025-06-09 23:32:32 [WebDevelopmentService] info: POST /api/auth/register 500 132ms
2025-06-09 23:33:45 [WebDevelopmentService] info: POST /api/auth/register 201 2489ms
2025-06-09 23:34:29 [WebDevelopmentService] info: POST /api/auth/register 201 2101ms
2025-06-09 23:34:58 [WebDevelopmentService] info: POST /api/auth/register 201 1708ms
2025-06-09 23:35:07 [WebDevelopmentService] info: GET /api/activate/ecc936ea950dbbc606cec2c41b18f2cecdf67e6f36cd7777cac64ee5e545a0b3 404 4ms
2025-06-09 23:35:40 [WebDevelopmentService] info: GET /api/auth/activate/ecc936ea950dbbc606cec2c41b18f2cecdf67e6f36cd7777cac64ee5e545a0b3 200 370ms
2025-06-09 23:37:22 [WebDevelopmentService] info: POST /api/auth/register 201 1818ms
2025-06-09 23:37:31 [WebDevelopmentService] info: GET /api/activate/f2bf94a01ca373b8c6b83128d09df9dba662afa11207684d9a41bf06deb26d14 404 5ms
2025-06-09 23:37:40 [WebDevelopmentService] info: GET /api/auth/activate/f2bf94a01ca373b8c6b83128d09df9dba662afa11207684d9a41bf06deb26d14 200 184ms
2025-06-09 23:38:38 [WebDevelopmentService] info: POST /api/auth/register 201 1826ms
2025-06-09 23:38:51 [WebDevelopmentService] info: GET /api/activate/f2bf94a01ca373b8c6b83128d09df9dba662afa11207684d9a41bf06deb26d14 404 1ms
2025-06-09 23:39:17 [WebDevelopmentService] info: POST /api/auth/register 201 1803ms
2025-06-09 23:39:29 [WebDevelopmentService] info: GET /api/activate/390f299bb47d4fe2786ef450d22a4cc41c5610181523bb8639ed9d6b5f38f903 404 5ms
2025-06-09 23:39:39 [WebDevelopmentService] info: GET /api/auth/activate/390f299bb47d4fe2786ef450d22a4cc41c5610181523bb8639ed9d6b5f38f903 200 155ms
2025-06-09 23:39:55 [WebDevelopmentService] info: User logged in successfully: id=8, email=qyuldashev263@example.com, type=client
2025-06-09 23:39:55 [WebDevelopmentService] info: POST /api/auth/login 200 271ms
2025-06-09 23:40:03 [WebDevelopmentService] info: POST /api/auth/register 201 1536ms
2025-06-09 23:40:14 [WebDevelopmentService] info: User logged in successfully: id=11, email=qobiljonyuldashev6122@gmail.com, type=developer
2025-06-09 23:40:14 [WebDevelopmentService] info: POST /api/auth/login 200 431ms
2025-06-09 23:40:17 [WebDevelopmentService] info: User logged in successfully: id=11, email=qobiljonyuldashev6122@gmail.com, type=developer
2025-06-09 23:40:17 [WebDevelopmentService] info: POST /api/auth/login 200 158ms
2025-06-09 23:41:48 [WebDevelopmentService] warn: Login failed: account not activated - email: qobiljonyuldashev6122@gmail.com
2025-06-09 23:41:48 [WebDevelopmentService] error: Iltimos, avval akkountingizni faollashtiring.
2025-06-09 23:41:48 [WebDevelopmentService] info: POST /api/auth/login 500 109ms
2025-06-09 23:43:39 [WebDevelopmentService] warn: Login failed: account not activated - email: qobiljonyuldashev6122@gmail.com
2025-06-09 23:43:39 [WebDevelopmentService] error: Iltimos, akkountingizni faollashtiring.
2025-06-09 23:43:39 [WebDevelopmentService] info: POST /api/auth/login 500 66ms
2025-06-09 23:43:40 [WebDevelopmentService] warn: Login failed: account not activated - email: qobiljonyuldashev6122@gmail.com
2025-06-09 23:43:40 [WebDevelopmentService] error: Iltimos, akkountingizni faollashtiring.
2025-06-09 23:43:40 [WebDevelopmentService] info: POST /api/auth/login 500 7ms
2025-06-09 23:44:06 [WebDevelopmentService] warn: Login failed: account not activated - email: qobiljonyuldashev6122@gmail.com
2025-06-09 23:44:06 [WebDevelopmentService] info: POST /api/auth/login 403 136ms
2025-06-09 23:44:09 [WebDevelopmentService] warn: Login failed: account not activated - email: qobiljonyuldashev6122@gmail.com
2025-06-09 23:44:09 [WebDevelopmentService] info: POST /api/auth/login 403 8ms
2025-06-09 23:44:34 [WebDevelopmentService] info: POST /api/auth/register 201 2062ms
2025-06-09 23:44:40 [WebDevelopmentService] warn: Login failed: account not activated - email: qobiljonyuldashev6122@gmail.com
2025-06-09 23:44:40 [WebDevelopmentService] info: POST /api/auth/login 403 11ms
2025-06-10 10:00:06 [WebDevelopmentService] info: getAllAdmins called
2025-06-10 10:00:06 [WebDevelopmentService] info: GET /api/admin/ 200 349ms
2025-06-10 10:00:26 [WebDevelopmentService] info: getAdminById called with id=1
2025-06-10 10:00:26 [WebDevelopmentService] info: GET /api/admin/1 200 247ms
2025-06-10 10:01:20 [WebDevelopmentService] info: getAdminById called with id=1
2025-06-10 10:01:20 [WebDevelopmentService] info: GET /api/admin/1 200 132ms
2025-06-10 10:01:26 [WebDevelopmentService] info: updateAdmin called with id=1
2025-06-10 10:01:26 [WebDevelopmentService] info: Admin with id=1 updated
2025-06-10 10:01:26 [WebDevelopmentService] info: PATCH /api/admin/1 200 47ms
2025-06-10 10:04:45 [WebDevelopmentService] info: deleteAdmin called with id=1
2025-06-10 10:04:45 [WebDevelopmentService] info: Admin with id=1 deleted
2025-06-10 10:04:45 [WebDevelopmentService] info: DELETE /api/admin/1 200 260ms
2025-06-10 10:20:05 [WebDevelopmentService] error: Noto'g'ri foydalanuvchi turi
2025-06-10 10:20:05 [WebDevelopmentService] info: POST /api/auth/register 500 12ms
2025-06-10 10:24:20 [WebDevelopmentService] info: POST /api/auth/register 500 5ms
2025-06-10 10:25:02 [WebDevelopmentService] info: POST /api/auth/register 500 3ms
2025-06-10 10:31:54 [WebDevelopmentService] info: getAllStatuses called
2025-06-10 10:31:54 [WebDevelopmentService] info: GET /api/status/ 200 14ms
2025-06-10 10:32:34 [WebDevelopmentService] info: getAllStatuses called
2025-06-10 10:32:34 [WebDevelopmentService] info: GET /api/status/ 200 10ms
2025-06-10 10:50:47 [WebDevelopmentService] info: createStatus called
2025-06-10 10:50:47 [WebDevelopmentService] warn: Validation error: "name" length must be at least 3 characters long
2025-06-10 10:50:47 [WebDevelopmentService] info: POST /api/status/ 400 13ms
2025-06-10 10:51:28 [WebDevelopmentService] info: createStatus called
2025-06-10 10:51:28 [WebDevelopmentService] info: Status created with id=1
2025-06-10 10:51:28 [WebDevelopmentService] info: POST /api/status/ 201 105ms
2025-06-10 10:51:49 [WebDevelopmentService] info: getStatusById called with id=1
2025-06-10 10:51:49 [WebDevelopmentService] info: GET /api/status/1 200 133ms
2025-06-10 10:52:13 [WebDevelopmentService] info: PATCH /api/status/1 404 3ms
2025-06-10 10:54:17 [WebDevelopmentService] info: updateStatus called with id=1
2025-06-10 10:54:17 [WebDevelopmentService] info: Status with id=1 updated
2025-06-10 10:54:17 [WebDevelopmentService] info: PATCH /api/status/1 200 89ms
2025-06-10 10:54:21 [WebDevelopmentService] info: updateStatus called with id=1
2025-06-10 10:54:21 [WebDevelopmentService] warn: Validation error: "name" length must be at least 3 characters long
2025-06-10 10:54:21 [WebDevelopmentService] info: PATCH /api/status/1 400 5ms
2025-06-10 10:54:25 [WebDevelopmentService] info: updateStatus called with id=1
2025-06-10 10:54:25 [WebDevelopmentService] info: Status with id=1 updated
2025-06-10 10:54:25 [WebDevelopmentService] info: PATCH /api/status/1 200 11ms
2025-06-10 10:54:42 [WebDevelopmentService] info: updateStatus called with id=1
2025-06-10 10:54:42 [WebDevelopmentService] info: Status with id=1 updated
2025-06-10 10:54:42 [WebDevelopmentService] info: PATCH /api/status/1 200 100ms
2025-06-10 10:54:46 [WebDevelopmentService] info: deleteStatus called with id=1
2025-06-10 10:54:46 [WebDevelopmentService] info: Status with id=1 deleted
2025-06-10 10:54:46 [WebDevelopmentService] info: DELETE /api/status/1 200 40ms
2025-06-10 10:59:49 [WebDevelopmentService] info: getAllWebsiteTypes called
2025-06-10 10:59:49 [WebDevelopmentService] info: GET /api/website-type/ 200 75ms
2025-06-10 11:00:18 [WebDevelopmentService] info: createWebsiteType called
2025-06-10 11:00:18 [WebDevelopmentService] warn: Validation error: "name" length must be at least 3 characters long
2025-06-10 11:00:18 [WebDevelopmentService] info: POST /api/website-type/ 400 8ms
2025-06-10 11:00:25 [WebDevelopmentService] info: createWebsiteType called
2025-06-10 11:00:25 [WebDevelopmentService] info: POST /api/website-type/ 201 136ms
2025-06-10 11:00:43 [WebDevelopmentService] info: getWebsiteTypeById called with id=1
2025-06-10 11:00:44 [WebDevelopmentService] info: GET /api/website-type/1 200 134ms
2025-06-10 11:01:23 [WebDevelopmentService] info: updateWebsiteType called with id=1
2025-06-10 11:01:23 [WebDevelopmentService] warn: Validation error: "name" is required
2025-06-10 11:01:23 [WebDevelopmentService] info: PATCH /api/website-type/1 400 4ms
2025-06-10 11:04:22 [WebDevelopmentService] info: updateWebsiteType called with id=1
2025-06-10 11:04:22 [WebDevelopmentService] info: PATCH /api/website-type/1 200 63ms
2025-06-10 11:04:45 [WebDevelopmentService] info: deleteWebsiteType called with id=1
2025-06-10 11:04:45 [WebDevelopmentService] info: DELETE /api/website-type/1 200 157ms
2025-06-10 11:23:37 [WebDevelopmentService] info: createWebsiteType called
2025-06-10 11:23:37 [WebDevelopmentService] info: POST /api/website-type/ 201 76ms
2025-06-10 11:24:11 [WebDevelopmentService] error: getAllWebsites error: Op is not defined
2025-06-10 11:24:11 [WebDevelopmentService] info: GET /api/website/ 500 4ms
2025-06-10 11:24:13 [WebDevelopmentService] error: getAllWebsites error: Op is not defined
2025-06-10 11:24:13 [WebDevelopmentService] info: GET /api/website/ 500 3ms
2025-06-10 11:24:31 [WebDevelopmentService] error: getAllWebsites error: column website.description does not exist
2025-06-10 11:24:31 [WebDevelopmentService] info: GET /api/website/ 500 66ms
2025-06-10 11:24:33 [WebDevelopmentService] error: getAllWebsites error: column website.description does not exist
2025-06-10 11:24:33 [WebDevelopmentService] info: GET /api/website/ 500 7ms
2025-06-10 11:26:31 [WebDevelopmentService] info: GET /api/website/ 200 24ms
2025-06-10 11:27:56 [WebDevelopmentService] info: getAllWebsiteTypes called
2025-06-10 11:27:56 [WebDevelopmentService] info: GET /api/website-type/ 200 107ms
2025-06-10 11:28:44 [WebDevelopmentService] info: getAllStatuses called
2025-06-10 11:28:44 [WebDevelopmentService] info: GET /api/status/ 200 89ms
2025-06-10 11:28:45 [WebDevelopmentService] info: getAllStatuses called
2025-06-10 11:28:45 [WebDevelopmentService] info: GET /api/status/ 200 3ms
2025-06-10 11:28:50 [WebDevelopmentService] info: createStatus called
2025-06-10 11:28:50 [WebDevelopmentService] info: Status created with id=2
2025-06-10 11:28:50 [WebDevelopmentService] info: POST /api/status/ 201 51ms
2025-06-10 11:28:57 [WebDevelopmentService] info: getAllStatuses called
2025-06-10 11:28:57 [WebDevelopmentService] info: GET /api/status/ 200 5ms
2025-06-10 11:29:04 [WebDevelopmentService] info: POST /api/website/ 400 2ms
2025-06-10 11:30:08 [WebDevelopmentService] info: POST /api/website/ 201 57ms
2025-06-10 11:30:13 [WebDevelopmentService] info: GET /api/website/ 200 23ms
2025-06-10 11:31:59 [WebDevelopmentService] info: GET /api/website/ 200 24ms
2025-06-10 11:34:22 [WebDevelopmentService] info: GET /api/website/ 200 18ms
2025-06-10 11:34:23 [WebDevelopmentService] info: GET /api/website/ 200 5ms
2025-06-10 11:34:55 [WebDevelopmentService] info: GET /api/website/ 200 21ms
2025-06-10 11:34:58 [WebDevelopmentService] info: POST /api/website/ 201 52ms
2025-06-10 11:35:01 [WebDevelopmentService] info: GET /api/website/ 200 6ms
2025-06-10 11:35:02 [WebDevelopmentService] info: GET /api/website/ 200 6ms
2025-06-10 11:35:24 [WebDevelopmentService] info: GET /api/website/ 200 14ms
2025-06-10 11:35:37 [WebDevelopmentService] info: GET /api/website/ 200 20ms
2025-06-10 11:35:38 [WebDevelopmentService] info: GET /api/website/ 200 5ms
2025-06-10 11:39:29 [WebDevelopmentService] info: GET /api/website/ 200 26ms
2025-06-10 11:40:38 [WebDevelopmentService] info: GET /api/website/ 200 24ms
2025-06-10 11:40:39 [WebDevelopmentService] info: GET /api/website/ 200 5ms
2025-06-10 11:41:25 [WebDevelopmentService] info: GET /api/website/ 200 22ms
2025-06-10 11:42:20 [WebDevelopmentService] info: GET /api/website/1 200 103ms
2025-06-10 11:43:06 [WebDevelopmentService] info: PATCH /api/website/1 200 125ms
2025-06-10 11:43:36 [WebDevelopmentService] info: DELETE /api/website/1 200 102ms
2025-06-10 11:43:39 [WebDevelopmentService] info: DELETE /api/website/1 404 5ms
2025-06-10 14:00:52 [WebDevelopmentService] info: GET /api/website/ 200 64ms
2025-06-10 14:05:30 [WebDevelopmentService] info: GET /api/website/ 200 20ms
2025-06-10 14:05:31 [WebDevelopmentService] info: GET /api/website/ 200 3ms
2025-06-10 14:26:39 [WebDevelopmentService] info: GET /api/user-role/ 404 2ms
2025-06-10 14:26:41 [WebDevelopmentService] info: GET /api/user-role/ 404 0ms
2025-06-10 14:33:02 [WebDevelopmentService] info: POST /api/user-role/remove 404 1ms
2025-06-10 14:33:05 [WebDevelopmentService] info: POST /api/user-role/remove 404 0ms
2025-06-10 15:39:44 [WebDevelopmentService] info: getAllDevelopers called
2025-06-10 15:39:45 [WebDevelopmentService] info: GET /api/developer/ 200 834ms
2025-06-10 15:58:07 [WebDevelopmentService] info: getAllContracts called
2025-06-10 15:58:07 [WebDevelopmentService] info: GET /api/contract/ 200 367ms
2025-06-10 15:58:38 [WebDevelopmentService] info: getAllClients called
2025-06-10 15:58:38 [WebDevelopmentService] info: GET /api/client/ 200 230ms
2025-06-10 16:02:10 [WebDevelopmentService] info: GET /api/website/ 200 74ms
2025-06-10 16:03:06 [WebDevelopmentService] info: getAllStatuses called
2025-06-10 16:03:06 [WebDevelopmentService] info: GET /api/status/ 200 187ms
2025-06-10 16:03:19 [WebDevelopmentService] info: Contract created with id=1
2025-06-10 16:03:19 [WebDevelopmentService] info: POST /api/contract/ 201 315ms
2025-06-10 16:03:25 [WebDevelopmentService] info: getAllContracts called
2025-06-10 16:03:25 [WebDevelopmentService] error: getAllContracts error: developer is not associated to contract!
2025-06-10 16:03:25 [WebDevelopmentService] info: GET /api/contract/ 500 10ms
2025-06-10 16:03:54 [WebDevelopmentService] info: getAllContracts called
2025-06-10 16:03:54 [WebDevelopmentService] info: GET /api/contract/ 200 25ms
2025-06-10 16:05:02 [WebDevelopmentService] info: getAllContracts called
2025-06-10 16:05:02 [WebDevelopmentService] info: GET /api/contract/ 200 28ms
2025-06-10 16:05:04 [WebDevelopmentService] info: getAllContracts called
2025-06-10 16:05:04 [WebDevelopmentService] info: GET /api/contract/ 200 8ms
2025-06-10 16:05:05 [WebDevelopmentService] info: getAllContracts called
2025-06-10 16:05:05 [WebDevelopmentService] info: GET /api/contract/ 200 42ms
2025-06-10 16:05:18 [WebDevelopmentService] info: getAllContracts called
2025-06-10 16:05:18 [WebDevelopmentService] error: getAllContracts error: Include unexpected. Element has to be either a Model, an Association or an object.
2025-06-10 16:05:18 [WebDevelopmentService] info: GET /api/contract/ 500 8ms
2025-06-10 16:05:19 [WebDevelopmentService] info: getAllContracts called
2025-06-10 16:05:19 [WebDevelopmentService] error: getAllContracts error: Include unexpected. Element has to be either a Model, an Association or an object.
2025-06-10 16:05:19 [WebDevelopmentService] info: GET /api/contract/ 500 3ms
2025-06-10 16:05:33 [WebDevelopmentService] info: getAllContracts called
2025-06-10 16:05:33 [WebDevelopmentService] info: GET /api/contract/ 200 36ms
2025-06-10 16:05:56 [WebDevelopmentService] info: getAllContracts called
2025-06-10 16:05:56 [WebDevelopmentService] error: getAllContracts error: Include unexpected. Element has to be either a Model, an Association or an object.
2025-06-10 16:05:56 [WebDevelopmentService] info: GET /api/contract/ 500 20ms
2025-06-10 16:06:41 [WebDevelopmentService] info: getAllContracts called
2025-06-10 16:06:41 [WebDevelopmentService] info: GET /api/contract/ 200 22ms
2025-06-10 16:07:07 [WebDevelopmentService] info: getContractById called with id=1
2025-06-10 16:07:08 [WebDevelopmentService] info: GET /api/contract/1 200 391ms
2025-06-10 16:07:11 [WebDevelopmentService] info: updateContract called with id=1
2025-06-10 16:07:11 [WebDevelopmentService] info: Contract with id=1 updated
2025-06-10 16:07:11 [WebDevelopmentService] info: PATCH /api/contract/1 200 45ms
2025-06-10 16:07:29 [WebDevelopmentService] info: deleteContract called with id=1
2025-06-10 16:07:29 [WebDevelopmentService] info: Contract with id=1 deleted
2025-06-10 16:07:29 [WebDevelopmentService] info: DELETE /api/contract/1 200 89ms
2025-06-10 16:07:34 [WebDevelopmentService] info: getAllContracts called
2025-06-10 16:07:34 [WebDevelopmentService] info: GET /api/contract/ 200 431ms
2025-06-10 16:07:52 [WebDevelopmentService] info: getContractById called with id=1
2025-06-10 16:07:52 [WebDevelopmentService] warn: Contract with id=1 not found
2025-06-10 16:07:52 [WebDevelopmentService] info: GET /api/contract/1 404 276ms
2025-06-10 16:08:06 [WebDevelopmentService] info: Contract created with id=2
2025-06-10 16:08:06 [WebDevelopmentService] info: POST /api/contract/ 201 342ms
2025-06-10 16:08:27 [WebDevelopmentService] info: POST /api/contract-deveoper/ 404 2ms
2025-06-10 16:08:29 [WebDevelopmentService] info: POST /api/contract-deveoper/ 404 1ms
2025-06-10 16:09:02 [WebDevelopmentService] info: POST /api/contract-deveoper/ 404 3ms
2025-06-10 16:09:12 [WebDevelopmentService] info: POST /api/contract-developer/ 201 299ms
2025-06-10 16:09:33 [WebDevelopmentService] info: GET /api/contract-developer/ 200 609ms
2025-06-10 16:12:05 [WebDevelopmentService] error: deleteContractDeveloper error: WHERE parameter "contractId" has invalid "undefined" value
2025-06-10 16:12:05 [WebDevelopmentService] info: POST /api/contract-developer/remove 500 7ms
2025-06-10 16:12:07 [WebDevelopmentService] error: deleteContractDeveloper error: WHERE parameter "contractId" has invalid "undefined" value
2025-06-10 16:12:07 [WebDevelopmentService] info: POST /api/contract-developer/remove 500 2ms
2025-06-10 16:12:45 [WebDevelopmentService] error: deleteContractDeveloper error: WHERE parameter "contractId" has invalid "undefined" value
2025-06-10 16:12:45 [WebDevelopmentService] info: POST /api/contract-developer/remove 500 15ms
2025-06-10 16:13:41 [WebDevelopmentService] info: POST /api/contract-developer/remove 200 138ms
2025-06-10 16:13:51 [WebDevelopmentService] info: GET /api/contract-developer/ 200 186ms
2025-06-10 16:14:00 [WebDevelopmentService] error: createContractDeveloper error: insert or update on table "contractDeveloper" violates foreign key constraint "contractDeveloper_contractId_fkey"
2025-06-10 16:14:00 [WebDevelopmentService] info: POST /api/contract-developer/ 500 17ms
2025-06-10 16:14:07 [WebDevelopmentService] error: createContractDeveloper error: insert or update on table "contractDeveloper" violates foreign key constraint "contractDeveloper_contractId_fkey"
2025-06-10 16:14:07 [WebDevelopmentService] info: POST /api/contract-developer/ 500 5ms
2025-06-10 16:14:13 [WebDevelopmentService] info: getAllClients called
2025-06-10 16:14:14 [WebDevelopmentService] info: GET /api/client/ 200 186ms
2025-06-10 16:14:21 [WebDevelopmentService] info: getAllDevelopers called
2025-06-10 16:14:22 [WebDevelopmentService] info: GET /api/developer/ 200 162ms
2025-06-10 16:15:45 [WebDevelopmentService] info: Contract created with id=3
2025-06-10 16:15:45 [WebDevelopmentService] info: POST /api/contract/ 201 24ms
2025-06-10 16:15:53 [WebDevelopmentService] info: POST /api/contract-developer/ 201 128ms
2025-06-10 16:16:00 [WebDevelopmentService] info: POST /api/contract-developer/remove 200 15ms
2025-06-10 16:16:05 [WebDevelopmentService] info: GET /api/contract-developer/ 200 14ms
2025-06-10 16:16:14 [WebDevelopmentService] info: POST /api/contract-developer/ 201 7ms
2025-06-10 16:16:17 [WebDevelopmentService] info: GET /api/contract-developer/ 200 10ms
2025-06-10 16:16:26 [WebDevelopmentService] info: POST /api/contract-developer/ 201 9ms
2025-06-10 16:16:29 [WebDevelopmentService] info: GET /api/contract-developer/ 200 6ms
2025-06-10 16:16:35 [WebDevelopmentService] info: POST /api/contract-developer/remove 200 6ms
2025-06-10 16:16:38 [WebDevelopmentService] info: GET /api/contract-developer/ 200 8ms
2025-06-10 16:58:40 [WebDevelopmentService] info: POST /api/auth/register 500 5ms
2025-06-10 16:58:49 [WebDevelopmentService] info: POST /api/auth/register 201 2272ms
2025-06-10 16:59:21 [WebDevelopmentService] info: POST /api/auth/register 201 2021ms
2025-06-10 16:59:47 [WebDevelopmentService] info: POST /api/auth/register 201 2357ms
2025-06-10 16:59:54 [WebDevelopmentService] info: GET /api/activate/477d881e956a6dcb97fccf5a722ee58f80e60cf3fde624305eaf6d186aef9ad5 404 4ms
2025-06-10 17:00:05 [WebDevelopmentService] info: GET /api/auth/activate/477d881e956a6dcb97fccf5a722ee58f80e60cf3fde624305eaf6d186aef9ad5 200 517ms
2025-06-10 17:00:39 [WebDevelopmentService] info: POST /api/auth/login 200 433ms
2025-06-10 17:02:18 [WebDevelopmentService] info: getAllDevelopers called
2025-06-10 17:02:19 [WebDevelopmentService] info: GET /api/developer/ 200 562ms
2025-06-10 17:39:23 [WebDevelopmentService] info: POST /api/auth/login 200 350ms
2025-06-10 17:40:12 [WebDevelopmentService] info: POST /api/notification/ 401 1ms
2025-06-10 17:40:14 [WebDevelopmentService] info: POST /api/notification/ 401 2ms
2025-06-10 17:40:24 [WebDevelopmentService] info: POST /api/auth/register 500 199ms
2025-06-10 17:40:28 [WebDevelopmentService] info: POST /api/auth/login 200 141ms
2025-06-10 17:40:39 [WebDevelopmentService] info: POST /api/notification/ 401 1ms
2025-06-10 17:43:06 [WebDevelopmentService] info: POST /api/notification/ 401 3ms
2025-06-10 17:43:08 [WebDevelopmentService] info: POST /api/notification/ 401 1ms
2025-06-10 17:47:22 [WebDevelopmentService] info: POST /api/notification/ 401 6ms
2025-06-10 17:47:27 [WebDevelopmentService] info: POST /api/notification/ 401 5ms
2025-06-10 17:47:31 [WebDevelopmentService] info: POST /api/auth/login 200 346ms
2025-06-10 17:47:37 [WebDevelopmentService] info: POST /api/notification/ 401 6ms
2025-06-10 17:53:06 [WebDevelopmentService] info: POST /api/notification/ 401 4ms
2025-06-10 17:58:47 [WebDevelopmentService] info: POST /api/notification/ 401 8ms
2025-06-10 17:58:48 [WebDevelopmentService] info: POST /api/notification/ 401 2ms
2025-06-10 17:58:49 [WebDevelopmentService] info: POST /api/notification/ 401 2ms
2025-06-10 17:58:51 [WebDevelopmentService] info: POST /api/auth/login 200 274ms
2025-06-10 17:59:01 [WebDevelopmentService] info: POST /api/notification/ 401 2ms
2025-06-10 18:00:15 [WebDevelopmentService] info: POST /api/notification/ 401 9ms
2025-06-10 18:00:17 [WebDevelopmentService] info: POST /api/notification/ 401 5ms
2025-06-10 18:02:06 [WebDevelopmentService] info: POST /api/notification/ 500 7ms
2025-06-10 18:02:08 [WebDevelopmentService] info: POST /api/notification/ 500 2ms
2025-06-10 18:04:17 [WebDevelopmentService] info: POST /api/notification/ 500 5ms
2025-06-10 18:04:21 [WebDevelopmentService] info: POST /api/auth/login 200 283ms
2025-06-10 18:04:28 [WebDevelopmentService] info: POST /api/notification/ 500 2ms
2025-06-10 18:06:40 [WebDevelopmentService] info: POST /api/notification/ 500 195ms
2025-06-10 18:11:44 [WebDevelopmentService] info: POST /api/notification/ 401 6ms
2025-06-10 18:11:51 [WebDevelopmentService] info: POST /api/auth/login 200 344ms
2025-06-10 18:11:59 [WebDevelopmentService] info: POST /api/notification/ 401 2ms
2025-06-10 18:14:12 [WebDevelopmentService] info: POST /api/notification/ 500 127ms
2025-06-10 18:14:14 [WebDevelopmentService] info: POST /api/notification/ 500 5ms
2025-06-10 18:14:32 [WebDevelopmentService] info: POST /api/notification/ 500 166ms
2025-06-10 18:14:32 [WebDevelopmentService] info: POST /api/notification/ 500 16ms
2025-06-10 18:15:28 [WebDevelopmentService] info: POST /api/notification/ 201 183ms
2025-06-10 18:15:39 [WebDevelopmentService] info: POST /api/notification/ 401 4ms
2025-06-10 18:15:47 [WebDevelopmentService] info: POST /api/notification/ 201 186ms
2025-06-10 18:27:23 [WebDevelopmentService] info: GET /api/notification/ 200 184ms
2025-06-10 18:27:24 [WebDevelopmentService] info: GET /api/notification/ 200 10ms
2025-06-10 18:27:50 [WebDevelopmentService] info: GET /api/notification/14/read 404 3ms
2025-06-10 18:27:51 [WebDevelopmentService] info: GET /api/notification/14/read 404 1ms
2025-06-10 18:28:02 [WebDevelopmentService] info: GET /api/notification/14/read 404 1ms
2025-06-10 18:28:15 [WebDevelopmentService] info: PATCH /api/notification/14/read 404 157ms
2025-06-10 18:28:16 [WebDevelopmentService] info: PATCH /api/notification/14/read 404 9ms
2025-06-10 18:28:32 [WebDevelopmentService] info: PATCH /api/notification/1/read 200 170ms
2025-06-10 21:58:43 [WebDevelopmentService] info: getAllFeedbacks called
2025-06-10 21:58:43 [WebDevelopmentService] error: getAllFeedbacks error: Feedback.findAll is not a function
2025-06-10 21:58:43 [WebDevelopmentService] info: GET /api/feedback/ 500 7ms
2025-06-10 21:58:48 [WebDevelopmentService] info: getAllFeedbacks called
2025-06-10 21:58:48 [WebDevelopmentService] error: getAllFeedbacks error: Feedback.findAll is not a function
2025-06-10 21:58:48 [WebDevelopmentService] info: GET /api/feedback/ 500 4ms
2025-06-10 22:00:44 [WebDevelopmentService] info: getAllFeedbacks called
2025-06-10 22:00:44 [WebDevelopmentService] info: GET /api/feedback/ 200 13ms
2025-06-10 22:02:49 [WebDevelopmentService] info: POST /api/auth/login 200 970ms
2025-06-10 22:03:01 [WebDevelopmentService] info: getAllFeedbacks called
2025-06-10 22:03:01 [WebDevelopmentService] info: GET /api/feedback/ 200 290ms
2025-06-10 22:03:42 [WebDevelopmentService] info: POST /api/feedback/ 404 3ms
2025-06-10 22:04:07 [WebDevelopmentService] warn: Validation failed: userId majburiy
2025-06-10 22:04:07 [WebDevelopmentService] info: POST /api/feedback/ 400 487ms
2025-06-10 22:05:45 [WebDevelopmentService] error: createFeedback error: notNull Violation: feedback.userType cannot be null
2025-06-10 22:05:45 [WebDevelopmentService] info: POST /api/feedback/ 500 286ms
2025-06-10 22:07:17 [WebDevelopmentService] info: Feedback created successfully
2025-06-10 22:07:17 [WebDevelopmentService] info: POST /api/feedback/ 201 516ms
2025-06-10 22:07:48 [WebDevelopmentService] info: deleteFeedback called with id=1
2025-06-10 22:07:48 [WebDevelopmentService] info: Feedback with id=1 deleted
2025-06-10 22:07:48 [WebDevelopmentService] info: DELETE /api/feedback/1 200 349ms
2025-06-10 22:08:24 [WebDevelopmentService] info: updateFeedback called with id=1
2025-06-10 22:08:24 [WebDevelopmentService] warn: Feedback with id=1 not found
2025-06-10 22:08:24 [WebDevelopmentService] info: PATCH /api/feedback/1 404 571ms
2025-06-10 22:08:26 [WebDevelopmentService] info: updateFeedback called with id=1
2025-06-10 22:08:26 [WebDevelopmentService] warn: Feedback with id=1 not found
2025-06-10 22:08:26 [WebDevelopmentService] info: PATCH /api/feedback/1 404 19ms
2025-06-10 22:08:30 [WebDevelopmentService] info: updateFeedback called with id=1
2025-06-10 22:08:30 [WebDevelopmentService] warn: Feedback with id=1 not found
2025-06-10 22:08:30 [WebDevelopmentService] info: PATCH /api/feedback/1 404 22ms
2025-06-10 22:08:34 [WebDevelopmentService] info: Feedback created successfully
2025-06-10 22:08:34 [WebDevelopmentService] info: POST /api/feedback/ 201 47ms
2025-06-10 22:08:39 [WebDevelopmentService] info: updateFeedback called with id=2
2025-06-10 22:08:40 [WebDevelopmentService] info: Feedback with id=2 updated
2025-06-10 22:08:40 [WebDevelopmentService] info: PATCH /api/feedback/2 200 57ms
2025-06-10 22:19:09 [WebDevelopmentService] info: POST /api/auth/login 200 490ms
2025-06-10 22:19:19 [WebDevelopmentService] error: ERROR GET /api/client/2 -> sendErrorResponse is not defined
2025-06-10 22:19:19 [WebDevelopmentService] info: GET /api/client/2 500 29ms
2025-06-10 22:19:45 [WebDevelopmentService] info: GET /api/client/2 500 575ms
2025-06-10 22:20:01 [WebDevelopmentService] info: POST /api/auth/register 500 6ms
2025-06-10 22:20:36 [WebDevelopmentService] info: POST /api/auth/register 500 11ms
2025-06-10 22:20:50 [WebDevelopmentService] info: POST /api/auth/register 500 2ms
2025-06-10 22:20:51 [WebDevelopmentService] info: POST /api/auth/register 500 2ms
2025-06-10 22:20:55 [WebDevelopmentService] error: ERROR POST /api/auth/register -> Expected double-quoted property name in JSON at position 203 (line 8 column 1)
2025-06-10 22:21:21 [WebDevelopmentService] error: ERROR POST /api/auth/register -> Expected double-quoted property name in JSON at position 203 (line 8 column 1)
2025-06-10 22:21:21 [WebDevelopmentService] error: Expected double-quoted property name in JSON at position 203 (line 8 column 1)
2025-06-10 22:21:56 [WebDevelopmentService] error: ERROR POST /api/auth/register -> Expected double-quoted property name in JSON at position 203 (line 8 column 1)
2025-06-10 22:21:56 [WebDevelopmentService] error: Expected double-quoted property name in JSON at position 203 (line 8 column 1)
2025-06-10 22:22:07 [WebDevelopmentService] info: POST /api/auth/register 500 300ms
2025-06-10 22:22:20 [WebDevelopmentService] info: POST /api/auth/register 500 600ms
2025-06-10 22:23:21 [WebDevelopmentService] info: POST /api/auth/register 201 2854ms
2025-06-10 22:23:30 [WebDevelopmentService] info: GET /api/activate/98229181b39d6883071efec33a3af47a8fbde8aa893bd71d1245fc6b52eda47a 404 4ms
2025-06-10 22:23:42 [WebDevelopmentService] info: GET /api/auth/activate/98229181b39d6883071efec33a3af47a8fbde8aa893bd71d1245fc6b52eda47a 200 1024ms
2025-06-10 22:23:58 [WebDevelopmentService] info: POST /api/auth/login 200 739ms
2025-06-10 22:24:48 [WebDevelopmentService] info: GET /api/developer/14 500 608ms
2025-06-10 22:25:23 [WebDevelopmentService] info: POST /api/auth/login 200 576ms
2025-06-10 22:25:32 [WebDevelopmentService] info: GET /api/developer/14 500 17ms
2025-06-10 22:25:51 [WebDevelopmentService] info: getAllDevelopers called
2025-06-10 22:25:52 [WebDevelopmentService] info: GET /api/developer/ 200 526ms
2025-06-10 22:26:01 [WebDevelopmentService] info: GET /api/developer/14 500 14ms
2025-06-10 22:27:44 [WebDevelopmentService] info: GET /api/developer/14 403 145ms
2025-06-10 22:27:45 [WebDevelopmentService] info: GET /api/developer/14 403 9ms
2025-06-10 22:27:54 [WebDevelopmentService] info: POST /api/auth/login 200 265ms
2025-06-10 22:28:03 [WebDevelopmentService] info: GET /api/developer/14 403 14ms
2025-06-10 22:31:11 [WebDevelopmentService] info: getDeveloperById called with id=14
2025-06-10 22:31:11 [WebDevelopmentService] info: GET /api/developer/14 200 502ms
2025-06-10 22:31:17 [WebDevelopmentService] info: GET /api/developer/15 403 20ms
2025-06-10 22:46:47 [WebDevelopmentService] info: GET /api/developer/15 403 245ms
2025-06-10 23:37:57 [WebDevelopmentService] info: GET /api/user-profile/ 403 478ms
2025-06-10 23:38:08 [WebDevelopmentService] info: GET /api/user-profile/ 403 607ms
2025-06-10 23:39:31 [WebDevelopmentService] warn: Validation failed: "userId" is required
2025-06-10 23:39:31 [WebDevelopmentService] info: POST /api/user-profile/ 400 433ms
2025-06-10 23:39:33 [WebDevelopmentService] warn: Validation failed: "userId" is required
2025-06-10 23:39:33 [WebDevelopmentService] info: POST /api/user-profile/ 400 21ms
2025-06-10 23:42:43 [WebDevelopmentService] info: POST /api/user-profile/ 400 532ms
2025-06-10 23:42:44 [WebDevelopmentService] info: POST /api/user-profile/ 400 12ms
2025-06-10 23:44:16 [WebDevelopmentService] info: POST /api/user-profile/ 201 528ms
2025-06-10 23:44:41 [WebDevelopmentService] info: GET /api/user-profile/1 403 415ms
2025-06-10 23:45:00 [WebDevelopmentService] info: GET /api/user-profile/1 403 337ms
2025-06-10 23:45:41 [WebDevelopmentService] info: getUserProfileById called with id=14
2025-06-10 23:45:41 [WebDevelopmentService] warn: UserProfile with id=14 not found
2025-06-10 23:45:41 [WebDevelopmentService] info: GET /api/user-profile/14 404 335ms
2025-06-10 23:45:43 [WebDevelopmentService] info: GET /api/user-profile/11 403 19ms
2025-06-10 23:45:45 [WebDevelopmentService] info: GET /api/user-profile/1 403 10ms
2025-06-10 23:48:12 [WebDevelopmentService] info: getUserProfileById called with id=14
2025-06-10 23:48:12 [WebDevelopmentService] info: GET /api/user-profile/14 200 164ms
2025-06-10 23:48:40 [WebDevelopmentService] info: GET /api/user-profile/1 403 391ms
2025-06-10 23:48:42 [WebDevelopmentService] info: GET /api/user-profile/1 403 14ms
2025-06-10 23:48:45 [WebDevelopmentService] info: getUserProfileById called with id=14
2025-06-10 23:48:45 [WebDevelopmentService] info: GET /api/user-profile/14 200 39ms
2025-06-10 23:50:01 [WebDevelopmentService] info: deleteUserProfile called with id=14
2025-06-10 23:50:01 [WebDevelopmentService] warn: UserProfile with id=14 not found
2025-06-10 23:50:01 [WebDevelopmentService] info: DELETE /api/user-profile/14 404 354ms
2025-06-10 23:50:04 [WebDevelopmentService] info: DELETE /api/user-profile/1 403 11ms
2025-06-10 23:52:04 [WebDevelopmentService] info: deleteUserProfile called by userId=14
2025-06-10 23:52:04 [WebDevelopmentService] info: UserProfile for userId=14 deleted
2025-06-10 23:52:04 [WebDevelopmentService] info: DELETE /api/user-profile/14 200 618ms
2025-06-10 23:52:53 [WebDevelopmentService] info: POST /api/user-profile/ 201 467ms
2025-06-10 23:53:00 [WebDevelopmentService] info: PATCH /api/user-profile/2 403 19ms
2025-06-10 23:53:15 [WebDevelopmentService] info: PATCH /api/user-profile/2 403 646ms
2025-06-10 23:53:16 [WebDevelopmentService] info: PATCH /api/user-profile/2 403 13ms
2025-06-10 23:54:41 [WebDevelopmentService] info: PATCH /api/user-profile/2 403 553ms
2025-06-10 23:54:45 [WebDevelopmentService] info: PATCH /api/user-profile/14 200 85ms
2025-06-10 23:55:01 [WebDevelopmentService] info: deleteFeedback called with id=2
2025-06-10 23:55:02 [WebDevelopmentService] info: Feedback with id=2 deleted
2025-06-10 23:55:02 [WebDevelopmentService] info: DELETE /api/feedback/2 200 708ms
2025-06-10 23:55:52 [WebDevelopmentService] info: Feedback created successfully
2025-06-10 23:55:52 [WebDevelopmentService] info: POST /api/feedback/ 201 371ms
2025-06-10 23:55:58 [WebDevelopmentService] info: DELETE /api/feedback/2 403 23ms
2025-06-10 23:56:03 [WebDevelopmentService] info: deleteFeedback called with id=14
2025-06-10 23:56:03 [WebDevelopmentService] warn: Feedback with id=14 not found
2025-06-10 23:56:03 [WebDevelopmentService] info: DELETE /api/feedback/14 404 19ms
2025-06-10 23:58:31 [WebDevelopmentService] info: PATCH /api/feedback/2 403 541ms
2025-06-10 23:58:34 [WebDevelopmentService] info: PATCH /api/feedback/14 500 33ms
2025-06-11 00:00:50 [WebDevelopmentService] info: updateFeedback called with id=14
2025-06-11 00:00:50 [WebDevelopmentService] warn: Feedback with id=14 not found
2025-06-11 00:00:50 [WebDevelopmentService] info: PATCH /api/feedback/14 404 381ms
2025-06-11 00:01:45 [WebDevelopmentService] info: updateFeedback called with id=14
2025-06-11 00:01:45 [WebDevelopmentService] warn: Feedback with id=14 not found
2025-06-11 00:01:45 [WebDevelopmentService] info: PATCH /api/feedback/14 404 605ms
2025-06-11 00:01:48 [WebDevelopmentService] info: PATCH /api/feedback/2 403 14ms
2025-06-11 00:01:51 [WebDevelopmentService] info: PATCH /api/feedback/1 403 16ms
2025-06-11 00:12:34 [WebDevelopmentService] info: GET /api/contract/ 401 4ms
2025-06-11 00:12:40 [WebDevelopmentService] info: GET /api/contract/ 403 437ms
2025-06-11 00:12:55 [WebDevelopmentService] info: POST /api/auth/register 500 4ms
2025-06-11 00:12:59 [WebDevelopmentService] info: POST /api/auth/register 500 827ms
2025-06-11 00:13:45 [WebDevelopmentService] info: POST /api/auth/login 500 612ms
2025-06-11 00:14:02 [WebDevelopmentService] info: POST /api/auth/login 403 419ms
2025-06-11 00:14:04 [WebDevelopmentService] info: POST /api/auth/login 403 19ms
2025-06-11 10:49:38 [WebDevelopmentService] info: POST /api/auth/login 403 1130ms
2025-06-11 10:50:04 [WebDevelopmentService] info: POST /api/auth/login 403 367ms
2025-06-11 10:50:13 [WebDevelopmentService] info: POST /api/auth/register 500 19ms
2025-06-11 10:51:37 [WebDevelopmentService] info: POST /api/auth/register 201 3433ms
2025-06-11 10:51:56 [WebDevelopmentService] info: POST /api/auth/register 500 651ms
2025-06-11 10:52:00 [WebDevelopmentService] info: GET /api/activate/87650a54ce5c1d09e3bd22686d67b640da72de8bf3a2c80ba4defebd5739b507 404 4ms
2025-06-11 10:52:22 [WebDevelopmentService] info: GET /api/auth/activate/87650a54ce5c1d09e3bd22686d67b640da72de8bf3a2c80ba4defebd5739b507 400 658ms
2025-06-11 10:52:32 [WebDevelopmentService] info: GET /api/auth/activate/87650a54ce5c1d09e3bd22686d67b640da72de8bf3a2c80ba4defebd5739b507 400 1030ms
2025-06-11 10:53:01 [WebDevelopmentService] info: POST /api/auth/register 201 3084ms
2025-06-11 10:53:10 [WebDevelopmentService] info: GET /api/activate/8944c41a961b2686666d063bba1abbaf649dbce48b0d40b4f68c3d299687ddce 404 2ms
2025-06-11 10:53:25 [WebDevelopmentService] info: GET /api/auth/activate/8944c41a961b2686666d063bba1abbaf649dbce48b0d40b4f68c3d299687ddce 400 1273ms
2025-06-11 10:53:28 [WebDevelopmentService] info: GET /api/auth/activate/8944c41a961b2686666d063bba1abbaf649dbce48b0d40b4f68c3d299687ddce 400 856ms
2025-06-11 10:54:51 [WebDevelopmentService] error: Activate error: column admin.activationToken does not exist
2025-06-11 10:54:51 [WebDevelopmentService] info: GET /api/auth/activate/8944c41a961b2686666d063bba1abbaf649dbce48b0d40b4f68c3d299687ddce 500 184ms
2025-06-11 10:55:26 [WebDevelopmentService] info: POST /api/auth/register 201 3073ms
2025-06-11 10:55:34 [WebDevelopmentService] info: GET /api/activate/afd23ea58eec70408405c4daed143900e2d024f889d50d583fbf3764cd9cb4c2 404 5ms
2025-06-11 10:55:42 [WebDevelopmentService] error: Activate error: column admin.activationToken does not exist
2025-06-11 10:55:42 [WebDevelopmentService] info: GET /api/auth/activate/afd23ea58eec70408405c4daed143900e2d024f889d50d583fbf3764cd9cb4c2 500 757ms
2025-06-11 10:57:15 [WebDevelopmentService] info: POST /api/auth/register 201 5678ms
2025-06-11 10:57:27 [WebDevelopmentService] info: GET /api/activate/777e206c26cf58617363c22385031faa4353f398ecf2e680633cef2dd4431e06 404 4ms
2025-06-11 10:57:35 [WebDevelopmentService] info: GET /api/auth/activate/777e206c26cf58617363c22385031faa4353f398ecf2e680633cef2dd4431e06 200 1205ms
2025-06-11 10:57:42 [WebDevelopmentService] info: POST /api/auth/login 200 181ms
2025-06-11 10:57:55 [WebDevelopmentService] info: GET /api/client/2 404 845ms
2025-06-11 10:58:01 [WebDevelopmentService] info: GET /api/client/3 404 1120ms
2025-06-11 10:58:12 [WebDevelopmentService] info: getAllClients called
2025-06-11 10:58:13 [WebDevelopmentService] info: GET /api/client/ 200 751ms
2025-06-11 10:58:22 [WebDevelopmentService] info: getClientById called with id=12
2025-06-11 10:58:22 [WebDevelopmentService] info: GET /api/client/12 200 1121ms
2025-06-11 10:58:36 [WebDevelopmentService] info: POST /api/auth/login 200 558ms
2025-06-11 10:59:09 [WebDevelopmentService] info: GET /api/client/13 404 701ms
2025-06-11 10:59:14 [WebDevelopmentService] info: getAllClients called
2025-06-11 10:59:14 [WebDevelopmentService] info: GET /api/client/ 200 14ms
2025-06-11 10:59:27 [WebDevelopmentService] info: GET /api/client/12 403 379ms
2025-06-11 10:59:32 [WebDevelopmentService] info: GET /api/client/12 403 29ms
2025-06-11 10:59:38 [WebDevelopmentService] info: POST /api/auth/login 200 257ms
2025-06-11 10:59:54 [WebDevelopmentService] info: GET /api/client/12 403 344ms
2025-06-11 11:02:48 [WebDevelopmentService] info: getClientById called with id=12
2025-06-11 11:02:48 [WebDevelopmentService] info: GET /api/client/12 200 333ms
2025-06-11 11:03:03 [WebDevelopmentService] info: POST /api/auth/register 201 3035ms
2025-06-11 11:03:11 [WebDevelopmentService] info: POST /api/auth/register 201 3170ms
2025-06-11 11:03:27 [WebDevelopmentService] info: GET /api/activate/0d4a6bf377e9d9ec1f255e33094247ecffc72d01a0b6726f418a0b8814ef6410 404 2ms
2025-06-11 11:03:36 [WebDevelopmentService] info: GET /api/auth/activate/0d4a6bf377e9d9ec1f255e33094247ecffc72d01a0b6726f418a0b8814ef6410 200 902ms
2025-06-11 11:03:46 [WebDevelopmentService] info: POST /api/auth/login 200 262ms
2025-06-11 11:03:54 [WebDevelopmentService] info: GET /api/client/12 403 47ms
2025-06-11 11:04:02 [WebDevelopmentService] info: getClientById called with id=13
2025-06-11 11:04:02 [WebDevelopmentService] info: GET /api/client/13 200 46ms
2025-06-11 11:04:05 [WebDevelopmentService] info: GET /api/client/11 404 23ms
2025-06-11 11:04:10 [WebDevelopmentService] info: GET /api/client/12 403 48ms
2025-06-11 11:04:25 [WebDevelopmentService] info: POST /api/auth/login 200 731ms
2025-06-11 11:04:33 [WebDevelopmentService] info: getClientById called with id=12
2025-06-11 11:04:33 [WebDevelopmentService] info: GET /api/client/12 200 358ms
2025-06-11 11:04:38 [WebDevelopmentService] info: getClientById called with id=13
2025-06-11 11:04:38 [WebDevelopmentService] info: GET /api/client/13 200 941ms
2025-06-11 11:04:46 [WebDevelopmentService] info: POST /api/auth/login 200 247ms
2025-06-11 11:04:56 [WebDevelopmentService] info: getAllClients called
2025-06-11 11:04:56 [WebDevelopmentService] info: GET /api/client/ 200 12ms
2025-06-11 11:05:00 [WebDevelopmentService] info: getAllClients called
2025-06-11 11:05:00 [WebDevelopmentService] info: GET /api/client/ 200 12ms
2025-06-11 11:05:33 [WebDevelopmentService] info: GET /api/client/ 403 593ms
2025-06-11 11:05:48 [WebDevelopmentService] info: POST /api/auth/register 500 7ms
2025-06-11 11:05:52 [WebDevelopmentService] info: POST /api/auth/register 500 617ms
2025-06-11 11:05:58 [WebDevelopmentService] info: POST /api/auth/login 200 596ms
2025-06-11 11:06:21 [WebDevelopmentService] info: POST /api/auth/login 200 1309ms
2025-06-11 11:06:31 [WebDevelopmentService] info: getAllClients called
2025-06-11 11:06:31 [WebDevelopmentService] info: GET /api/client/ 200 658ms
2025-06-11 11:06:59 [WebDevelopmentService] info: POST /api/auth/login 500 2ms
2025-06-11 11:07:01 [WebDevelopmentService] info: POST /api/auth/login 200 747ms
2025-06-11 11:07:18 [WebDevelopmentService] info: getAllDevelopers called
2025-06-11 11:07:18 [WebDevelopmentService] info: GET /api/developer/ 200 364ms
2025-06-11 11:07:41 [WebDevelopmentService] info: getAllDevelopers called
2025-06-11 11:07:42 [WebDevelopmentService] info: GET /api/developer/ 200 1051ms
2025-06-11 11:07:53 [WebDevelopmentService] info: GET /api/developer/ 403 680ms
2025-06-11 11:09:03 [WebDevelopmentService] info: GET /api/developer/ 403 336ms
2025-06-11 11:10:09 [WebDevelopmentService] info: PATCH /api/client/13 403 680ms
2025-06-11 11:11:03 [WebDevelopmentService] info: PATCH /api/developer/13 403 78ms
2025-06-11 11:11:07 [WebDevelopmentService] info: getDeveloperById called with id=10
2025-06-11 11:11:07 [WebDevelopmentService] info: GET /api/developer/10 200 26ms
2025-06-11 11:11:12 [WebDevelopmentService] info: PATCH /api/developer/13=0 500 76ms
2025-06-11 11:11:17 [WebDevelopmentService] info: updateDeveloper called with id=10
2025-06-11 11:11:17 [WebDevelopmentService] info: Developer with id=10 updated
2025-06-11 11:11:17 [WebDevelopmentService] info: PATCH /api/developer/10 200 163ms
2025-06-11 11:11:32 [WebDevelopmentService] info: DELETE /api/client/10 403 681ms
2025-06-11 11:17:53 [WebDevelopmentService] info: getAllFeedbacks called
2025-06-11 11:17:53 [WebDevelopmentService] info: GET /api/feedback/ 200 634ms
2025-06-11 11:19:07 [WebDevelopmentService] info: GET /api/feedback/3 403 679ms
2025-06-11 11:19:39 [WebDevelopmentService] info: GET /api/feedback/3 403 793ms
2025-06-11 11:22:26 [WebDevelopmentService] info: getFeedbackById called with id=3
2025-06-11 11:22:26 [WebDevelopmentService] info: GET /api/feedback/3 200 82ms
2025-06-11 11:22:32 [WebDevelopmentService] info: GET /api/feedback/5 404 46ms
2025-06-11 11:22:48 [WebDevelopmentService] info: POST /api/feedback/ 401 1ms
2025-06-11 11:23:00 [WebDevelopmentService] info: Feedback created successfully
2025-06-11 11:23:00 [WebDevelopmentService] info: POST /api/feedback/ 201 720ms
2025-06-11 11:23:20 [WebDevelopmentService] info: POST /api/auth/login 200 529ms
2025-06-11 11:23:34 [WebDevelopmentService] info: GET /api/feedback/4 403 501ms
2025-06-11 11:25:46 [WebDevelopmentService] info: Feedback created successfully
2025-06-11 11:25:46 [WebDevelopmentService] info: POST /api/feedback/ 201 108ms
2025-06-11 11:25:53 [WebDevelopmentService] info: GET /api/notification/ 401 6ms
2025-06-11 11:26:01 [WebDevelopmentService] info: GET /api/notification/ 200 707ms
2025-06-11 11:26:32 [WebDevelopmentService] info: POST /api/notification/ 401 4ms
2025-06-11 11:26:44 [WebDevelopmentService] info: POST /api/notification/ 201 455ms
2025-06-11 11:27:07 [WebDevelopmentService] info: PATCH /api/notification/1/read 500 672ms
2025-06-11 11:28:33 [WebDevelopmentService] info: PATCH /api/notification/1/read 403 328ms
2025-06-11 11:28:41 [WebDevelopmentService] info: GET /api/notification/ 200 20ms
2025-06-11 11:28:47 [WebDevelopmentService] info: PATCH /api/notification/3/read 403 29ms
2025-06-11 11:29:19 [WebDevelopmentService] info: POST /api/notification/ 201 790ms
2025-06-11 11:29:29 [WebDevelopmentService] info: PATCH /api/notification/4/read 403 47ms
2025-06-11 11:31:51 [WebDevelopmentService] info: GET /api/feedback/4 403 683ms
2025-06-11 11:32:04 [WebDevelopmentService] info: GET /api/feedback/3 403 748ms
2025-06-11 11:32:09 [WebDevelopmentService] info: Feedback created successfully
2025-06-11 11:32:09 [WebDevelopmentService] info: POST /api/feedback/ 201 651ms
2025-06-11 11:32:26 [WebDevelopmentService] info: GET /api/feedback/6 403 742ms
2025-06-11 11:32:43 [WebDevelopmentService] info: GET /api/feedback/6 403 480ms
2025-06-11 11:32:45 [WebDevelopmentService] info: GET /api/feedback/6 403 38ms
2025-06-11 11:33:28 [WebDevelopmentService] info: GET /api/feedback/6 403 695ms
2025-06-11 11:33:46 [WebDevelopmentService] info: Feedback created successfully
2025-06-11 11:33:46 [WebDevelopmentService] info: POST /api/feedback/ 201 376ms
2025-06-11 11:33:53 [WebDevelopmentService] info: getFeedbackById called with id=7
2025-06-11 11:33:53 [WebDevelopmentService] info: GET /api/feedback/7 200 46ms
2025-06-11 11:35:12 [WebDevelopmentService] info: PATCH /api/notification/4/read 500 766ms
2025-06-11 11:35:33 [WebDevelopmentService] info: PATCH /api/notification/4/read 200 401ms
2025-06-11 11:38:13 [WebDevelopmentService] info: POST /api/notification/ 201 823ms
2025-06-11 11:38:16 [WebDevelopmentService] info: POST /api/notification/ 201 58ms
2025-06-11 11:38:25 [WebDevelopmentService] info: PATCH /api/notification/6/read 500 27ms
2025-06-11 11:40:43 [WebDevelopmentService] info: PATCH /api/notification/6/read 500 334ms
2025-06-11 11:48:17 [WebDevelopmentService] info: PATCH /api/notification/6/read 500 339ms
2025-06-11 11:51:25 [WebDevelopmentService] info: PATCH /api/notification/6/read 500 611ms
2025-06-11 11:51:26 [WebDevelopmentService] info: PATCH /api/notification/6/read 500 40ms
2025-06-11 11:52:42 [WebDevelopmentService] info: PATCH /api/notification/6/read 200 394ms
2025-06-11 11:53:01 [WebDevelopmentService] info: POST /api/notification/ 201 826ms
2025-06-11 11:53:16 [WebDevelopmentService] info: POST /api/auth/login 200 528ms
2025-06-11 11:53:58 [WebDevelopmentService] info: PATCH /api/notification/7/read 403 702ms
2025-06-11 11:55:56 [WebDevelopmentService] info: GET /api/user-profile/ 403 365ms
2025-06-11 11:56:13 [WebDevelopmentService] info: POST /api/user-profile/ 201 481ms
2025-06-11 11:56:35 [WebDevelopmentService] info: getUserProfileById called with userId=3
2025-06-11 11:56:35 [WebDevelopmentService] warn: UserProfile with userId=3 not found
2025-06-11 11:56:35 [WebDevelopmentService] info: GET /api/user-profile/3 404 457ms
2025-06-11 11:56:39 [WebDevelopmentService] info: GET /api/user-profile/14 404 43ms
2025-06-11 11:56:44 [WebDevelopmentService] info: getUserProfileById called with userId=3
2025-06-11 11:56:44 [WebDevelopmentService] warn: UserProfile with userId=3 not found
2025-06-11 11:56:44 [WebDevelopmentService] info: GET /api/user-profile/3 404 42ms
2025-06-11 11:58:36 [WebDevelopmentService] info: getUserProfileById called with id=3
2025-06-11 11:58:36 [WebDevelopmentService] info: GET /api/user-profile/3 200 41ms
2025-06-11 12:04:13 [WebDevelopmentService] info: GET /api/payment/ 403 355ms
2025-06-11 12:04:27 [WebDevelopmentService] info: POST /api/auth/login 200 1099ms
2025-06-11 12:04:37 [WebDevelopmentService] info: getAllPayments called
2025-06-11 12:04:37 [WebDevelopmentService] info: GET /api/payment/ 200 38ms
2025-06-11 12:05:19 [WebDevelopmentService] info: GET /api/contract/ 403 362ms
2025-06-11 12:05:24 [WebDevelopmentService] info: getAllContracts called
2025-06-11 12:05:25 [WebDevelopmentService] info: GET /api/contract/ 200 1351ms
2025-06-11 12:06:38 [WebDevelopmentService] info: GET /api/status/ 401 6ms
2025-06-11 12:06:45 [WebDevelopmentService] info: getAllStatuses called
2025-06-11 12:06:45 [WebDevelopmentService] info: GET /api/status/ 200 512ms
2025-06-11 12:06:55 [WebDevelopmentService] info: POST /api/payment/ 400 28ms
2025-06-11 12:09:04 [WebDevelopmentService] info: POST /api/payment/ 400 410ms
2025-06-11 12:09:30 [WebDevelopmentService] info: POST /api/payment/ 400 408ms
2025-06-11 12:11:22 [WebDevelopmentService] warn: Validation failed: "contractId" foydalanuvchi tomonidan yuborilmasligi kerak
2025-06-11 12:11:22 [WebDevelopmentService] info: POST /api/payment/ 400 432ms
2025-06-11 12:12:06 [WebDevelopmentService] warn: Shartnoma topilmadi clientId=6
2025-06-11 12:12:06 [WebDevelopmentService] info: POST /api/payment/ 400 467ms
2025-06-11 12:12:30 [WebDevelopmentService] warn: Shartnoma topilmadi clientId=6
2025-06-11 12:12:30 [WebDevelopmentService] info: POST /api/payment/ 400 769ms
2025-06-11 12:13:52 [WebDevelopmentService] info: POST /api/payment/ 400 712ms
2025-06-11 12:14:19 [WebDevelopmentService] info: POST /api/payment/ 400 242ms
2025-06-11 12:15:34 [WebDevelopmentService] error: createContract error: insert or update on table "contract" violates foreign key constraint "contract_clientId_fkey"
2025-06-11 12:15:34 [WebDevelopmentService] info: POST /api/contract/ 500 841ms
2025-06-11 12:16:01 [WebDevelopmentService] info: getAllClients called
2025-06-11 12:16:02 [WebDevelopmentService] info: GET /api/client/ 200 1465ms
2025-06-11 12:16:12 [WebDevelopmentService] info: Contract created with id=5
2025-06-11 12:16:12 [WebDevelopmentService] info: POST /api/contract/ 201 725ms
2025-06-11 12:16:21 [WebDevelopmentService] info: POST /api/payment/ 400 337ms
2025-06-11 12:16:40 [WebDevelopmentService] info: POST /api/payment/ 400 853ms
2025-06-11 12:18:03 [WebDevelopmentService] info: POST /api/auth/login 200 754ms
2025-06-11 12:18:15 [WebDevelopmentService] info: Contract created with id=6
2025-06-11 12:18:15 [WebDevelopmentService] info: POST /api/contract/ 201 800ms
2025-06-11 12:18:23 [WebDevelopmentService] info: POST /api/payment/ 400 26ms
2025-06-11 12:18:28 [WebDevelopmentService] info: POST /api/payment/ 400 21ms
2025-06-11 12:20:17 [WebDevelopmentService] info: POST /api/payment/ 400 456ms
2025-06-11 12:20:43 [WebDevelopmentService] info: POST /api/payment/ 400 485ms
2025-06-11 12:20:58 [WebDevelopmentService] info: Contract created with id=7
2025-06-11 12:20:58 [WebDevelopmentService] info: POST /api/contract/ 201 587ms
2025-06-11 12:21:09 [WebDevelopmentService] info: POST /api/payment/ 400 450ms
2025-06-11 12:21:16 [WebDevelopmentService] info: POST /api/payment/ 400 17ms
2025-06-11 12:23:46 [WebDevelopmentService] info: POST /api/payment/ 403 556ms
2025-06-11 12:25:56 [WebDevelopmentService] info: POST /api/payment/ 401 5ms
2025-06-11 12:26:00 [WebDevelopmentService] info: POST /api/payment/ 403 522ms
2025-06-11 12:27:32 [WebDevelopmentService] info: POST /api/payment/ 403 426ms
2025-06-11 12:32:38 [WebDevelopmentService] info: POST /api/payment/ 403 568ms
2025-06-11 12:34:38 [WebDevelopmentService] info: POST /api/payment/ 400 489ms
2025-06-11 12:37:13 [WebDevelopmentService] info: POST /api/payment/getmyContracts 404 6ms
2025-06-11 12:37:28 [WebDevelopmentService] info: POST /api/payment/getmyContracts 404 4ms
2025-06-11 12:37:42 [WebDevelopmentService] info: GET /api/payment/getmyContracts 200 480ms
2025-06-11 12:38:40 [WebDevelopmentService] info: getAllContracts called
2025-06-11 12:38:41 [WebDevelopmentService] info: GET /api/contract/ 200 1002ms
2025-06-11 12:38:49 [WebDevelopmentService] info: Contract created with id=8
2025-06-11 12:38:49 [WebDevelopmentService] info: POST /api/contract/ 201 92ms
2025-06-11 12:38:57 [WebDevelopmentService] info: GET /api/payment/getmyContracts 200 19ms
2025-06-11 12:41:07 [WebDevelopmentService] info: GET /api/payment/getmyContracts 200 384ms
2025-06-11 12:41:09 [WebDevelopmentService] info: GET /api/payment/getmyContracts 200 19ms
2025-06-11 12:41:17 [WebDevelopmentService] info: POST /api/status/ 401 0ms
2025-06-11 12:41:23 [WebDevelopmentService] info: Contract created with id=9
2025-06-11 12:41:23 [WebDevelopmentService] info: POST /api/contract/ 201 608ms
2025-06-11 12:41:29 [WebDevelopmentService] info: GET /api/payment/getmyContracts 200 16ms
2025-06-11 12:41:32 [WebDevelopmentService] info: GET /api/payment/getmyContracts 200 18ms
2025-06-11 12:41:40 [WebDevelopmentService] error: createPayment error: insert or update on table "payment" violates foreign key constraint "payment_statusId_fkey"
2025-06-11 12:41:40 [WebDevelopmentService] info: POST /api/payment/ 500 47ms
2025-06-11 12:41:52 [WebDevelopmentService] info: POST /api/payment/ 201 484ms
2025-06-11 12:42:01 [WebDevelopmentService] info: POST /api/payment/ 403 18ms
2025-06-11 12:42:05 [WebDevelopmentService] info: POST /api/payment/ 201 32ms
2025-06-11 13:59:27 [WebDevelopmentService] info: POST /api/auth/register 500 2ms
2025-06-11 14:00:55 [WebDevelopmentService] info: POST /api/auth/login 500 309ms
2025-06-11 14:12:27 [WebDevelopmentService] info: POST /api/super/ 201 402ms
2025-06-11 14:13:19 [WebDevelopmentService] info: POST /api/auth/login 200 361ms
2025-06-11 14:14:46 [WebDevelopmentService] info: POST /api/super/ 400 243ms
2025-06-11 14:15:05 [WebDevelopmentService] info: POST /api/super/ 201 321ms
2025-06-11 14:17:57 [WebDevelopmentService] info: POST /api/super/ 201 408ms
2025-06-11 14:18:49 [WebDevelopmentService] info: POST /api/auth/login 200 364ms
2025-06-11 14:20:55 [WebDevelopmentService] info: POST /api/auth/login 200 515ms
2025-06-11 14:21:56 [WebDevelopmentService] error: ERROR POST /api/admin/ -> Expected property name or '}' in JSON at position 7 (line 2 column 5)
2025-06-11 14:21:56 [WebDevelopmentService] error: Expected property name or '}' in JSON at position 7 (line 2 column 5)
2025-06-11 14:22:01 [WebDevelopmentService] info: POST /api/admin/ 403 292ms
2025-06-11 14:23:51 [WebDevelopmentService] info: createAdmin called
2025-06-11 14:23:51 [WebDevelopmentService] warn: Validation failed: "isSuperAdmin" is required
2025-06-11 14:23:51 [WebDevelopmentService] info: POST /api/admin/ 400 310ms
2025-06-11 14:24:24 [WebDevelopmentService] info: createAdmin called
2025-06-11 14:24:24 [WebDevelopmentService] info: Admin sond@gmail.com yaratildi
2025-06-11 14:24:24 [WebDevelopmentService] info: POST /api/admin/ 201 626ms
2025-06-11 14:25:00 [WebDevelopmentService] info: createAdmin called
2025-06-11 14:25:00 [WebDevelopmentService] info: POST /api/admin/ 409 496ms
2025-06-11 14:37:30 [WebDevelopmentService] info: GET /api/contract/ 404 304ms
2025-06-11 14:37:51 [WebDevelopmentService] info: GET /api/contract/ 403 281ms
2025-06-11 14:38:51 [WebDevelopmentService] info: getAllContracts called
2025-06-11 14:38:51 [WebDevelopmentService] info: GET /api/contract/ 200 539ms
2025-06-11 14:39:27 [WebDevelopmentService] error: createContract error: insert or update on table "contract" violates foreign key constraint "contract_clientId_fkey"
2025-06-11 14:39:27 [WebDevelopmentService] info: POST /api/contract/ 500 521ms
2025-06-11 14:39:37 [WebDevelopmentService] error: createContract error: insert or update on table "contract" violates foreign key constraint "contract_clientId_fkey"
2025-06-11 14:39:37 [WebDevelopmentService] info: POST /api/contract/ 500 494ms
2025-06-11 14:40:03 [WebDevelopmentService] error: createContract error: insert or update on table "contract" violates foreign key constraint "contract_clientId_fkey"
2025-06-11 14:40:03 [WebDevelopmentService] info: POST /api/contract/ 500 534ms
2025-06-11 14:40:52 [WebDevelopmentService] info: POST /api/auth/register 500 1ms
2025-06-11 14:41:00 [WebDevelopmentService] info: POST /api/auth/register 500 264ms
2025-06-11 14:41:07 [WebDevelopmentService] info: POST /api/auth/register 500 1ms
2025-06-11 14:41:29 [WebDevelopmentService] info: POST /api/auth/login 200 408ms
2025-06-11 14:41:39 [WebDevelopmentService] info: Contract created with id=13
2025-06-11 14:41:39 [WebDevelopmentService] info: POST /api/contract/ 201 30ms
2025-06-11 14:42:14 [WebDevelopmentService] info: Contract created with id=14
2025-06-11 14:42:14 [WebDevelopmentService] info: POST /api/contract/ 201 273ms
2025-06-11 14:42:15 [WebDevelopmentService] info: Contract created with id=15
2025-06-11 14:42:15 [WebDevelopmentService] info: POST /api/contract/ 201 19ms
2025-06-11 14:42:18 [WebDevelopmentService] info: Contract created with id=16
2025-06-11 14:42:18 [WebDevelopmentService] info: POST /api/contract/ 201 24ms
2025-06-11 14:43:01 [WebDevelopmentService] info: POST /api/contract/by-date 404 1ms
2025-06-11 14:43:02 [WebDevelopmentService] info: POST /api/contract/by-date 404 1ms
2025-06-11 14:43:03 [WebDevelopmentService] info: POST /api/contract/by-date 404 1ms
2025-06-11 14:43:18 [WebDevelopmentService] info: POST /api/contract/by-date 404 0ms
2025-06-11 14:43:40 [WebDevelopmentService] info: getContractsByDateRange called
2025-06-11 14:43:40 [WebDevelopmentService] error: getContractsByDateRange error: column contract.startDate does not exist
2025-06-11 14:43:40 [WebDevelopmentService] info: POST /api/contract/by-date 500 244ms
2025-06-11 14:43:48 [WebDevelopmentService] info: getContractsByDateRange called
2025-06-11 14:43:48 [WebDevelopmentService] info: POST /api/contract/by-date 400 14ms
2025-06-11 14:43:49 [WebDevelopmentService] info: getContractsByDateRange called
2025-06-11 14:43:49 [WebDevelopmentService] info: POST /api/contract/by-date 400 11ms
2025-06-11 14:44:51 [WebDevelopmentService] info: getContractsByDateRange called
2025-06-11 14:44:51 [WebDevelopmentService] error: getContractsByDateRange error: column contract.startDate does not exist
2025-06-11 14:44:51 [WebDevelopmentService] info: POST /api/contract/by-date 500 313ms
2025-06-11 14:45:34 [WebDevelopmentService] info: getContractsByDateRange called
2025-06-11 14:45:34 [WebDevelopmentService] info: POST /api/contract/by-date 200 285ms
2025-06-11 14:46:17 [WebDevelopmentService] info: GET /api/website/ 401 1ms
2025-06-11 14:46:26 [WebDevelopmentService] info: POST /api/auth/login 200 704ms
2025-06-11 14:46:33 [WebDevelopmentService] info: GET /api/website/ 200 308ms
2025-06-11 14:47:33 [WebDevelopmentService] info: Contract created with id=17
2025-06-11 14:47:33 [WebDevelopmentService] info: POST /api/contract/ 201 273ms
2025-06-11 14:47:37 [WebDevelopmentService] info: getContractsByDateRange called
2025-06-11 14:47:37 [WebDevelopmentService] error: getContractsByDateRange error: column contract.startDate does not exist
2025-06-11 14:47:37 [WebDevelopmentService] info: POST /api/contract/by-date 500 21ms
2025-06-11 14:47:38 [WebDevelopmentService] info: getContractsByDateRange called
2025-06-11 14:47:38 [WebDevelopmentService] error: getContractsByDateRange error: column contract.startDate does not exist
2025-06-11 14:47:38 [WebDevelopmentService] info: POST /api/contract/by-date 500 17ms
2025-06-11 14:47:51 [WebDevelopmentService] info: getContractsByDateRange called
2025-06-11 14:47:51 [WebDevelopmentService] info: POST /api/contract/by-date 200 208ms
2025-06-11 14:50:05 [WebDevelopmentService] info: getContractsByDateRange called
2025-06-11 14:50:05 [WebDevelopmentService] error: getContractsByDateRange error: startDate is not defined
2025-06-11 14:50:05 [WebDevelopmentService] info: POST /api/contract/by-date 500 257ms
2025-06-11 14:50:28 [WebDevelopmentService] info: getContractsByDateRange called
2025-06-11 14:50:28 [WebDevelopmentService] error: getContractsByDateRange error: start_date is not defined
2025-06-11 14:50:28 [WebDevelopmentService] info: POST /api/contract/by-date 500 237ms
2025-06-11 14:50:47 [WebDevelopmentService] info: getContractsByDateRange called
2025-06-11 14:50:47 [WebDevelopmentService] info: POST /api/contract/by-date 400 275ms
2025-06-11 14:51:01 [WebDevelopmentService] info: getContractsByDateRange called
2025-06-11 14:51:01 [WebDevelopmentService] error: getContractsByDateRange error: from is not defined
2025-06-11 14:51:01 [WebDevelopmentService] info: POST /api/contract/by-date 500 184ms
2025-06-11 14:51:18 [WebDevelopmentService] info: getContractsByDateRange called
2025-06-11 14:51:18 [WebDevelopmentService] info: POST /api/contract/by-date 200 287ms
2025-06-11 14:52:21 [WebDevelopmentService] info: getContractsByDateRange called
2025-06-11 14:52:21 [WebDevelopmentService] info: POST /api/contract/by-date 200 257ms
2025-06-11 14:52:21 [WebDevelopmentService] error: getContractsByDateRange error: Cannot set headers after they are sent to the client
2025-06-11 14:52:21 [WebDevelopmentService] error: ERROR POST /api/contract/api/contract/by-date -> Cannot set headers after they are sent to the client
2025-06-11 14:52:21 [WebDevelopmentService] error: Cannot set headers after they are sent to the client
2025-06-11 14:55:39 [WebDevelopmentService] info: getClientsByDateRange called
2025-06-11 14:55:39 [WebDevelopmentService] error: getClientsByDateRange error: column client.fullName does not exist
2025-06-11 14:55:39 [WebDevelopmentService] info: POST /api/contract/clients-by-date 500 273ms
2025-06-11 14:56:17 [WebDevelopmentService] info: getClientsByDateRange called
2025-06-11 14:56:17 [WebDevelopmentService] info: POST /api/contract/clients-by-date 200 546ms
2025-06-11 14:56:53 [WebDevelopmentService] info: POST /api/status/ 401 1ms
2025-06-11 14:56:57 [WebDevelopmentService] info: createStatus called
2025-06-11 14:56:57 [WebDevelopmentService] info: Status created with id=3
2025-06-11 14:56:57 [WebDevelopmentService] info: POST /api/status/ 201 290ms
2025-06-11 14:58:46 [WebDevelopmentService] info: Contract created with id=18
2025-06-11 14:58:46 [WebDevelopmentService] info: POST /api/contract/ 201 504ms
2025-06-11 14:58:51 [WebDevelopmentService] info: getCancelledClientsByDateRange called
2025-06-11 14:58:51 [WebDevelopmentService] info: POST /api/contract/clients-cancelled 200 535ms
2025-06-11 15:13:09 [WebDevelopmentService] info: GET /api/developer/ 403 818ms
2025-06-11 15:13:15 [WebDevelopmentService] info: POST /api/auth/login 200 1096ms
2025-06-11 15:13:23 [WebDevelopmentService] info: getAllDevelopers called
2025-06-11 15:13:23 [WebDevelopmentService] info: GET /api/developer/ 200 831ms
2025-06-11 15:13:51 [WebDevelopmentService] info: getAllContracts called
2025-06-11 15:13:52 [WebDevelopmentService] info: GET /api/contract/ 200 912ms
2025-06-11 15:14:03 [WebDevelopmentService] info: POST /api/contract-developer/ 401 1ms
2025-06-11 15:14:04 [WebDevelopmentService] info: POST /api/contract-developer/ 401 0ms
2025-06-11 15:14:12 [WebDevelopmentService] info: POST /api/contract-developer/ 201 941ms
2025-06-11 15:14:15 [WebDevelopmentService] info: POST /api/contract-developer/ 201 1280ms
2025-06-11 15:14:18 [WebDevelopmentService] info: POST /api/contract-developer/ 201 1007ms
2025-06-11 15:21:24 [WebDevelopmentService] info: GET /api/developer/most-active-developers 401 6ms
2025-06-11 15:21:28 [WebDevelopmentService] info: POST /api/developer/most-active-developers 500 162ms
2025-06-11 15:22:28 [WebDevelopmentService] info: POST /api/developer/most-active-developers 500 79ms
2025-06-11 15:23:05 [WebDevelopmentService] info: POST /api/developer/most-active-developers 500 6ms
2025-06-11 15:23:51 [WebDevelopmentService] info: POST /api/developer/most-active-developers 500 18ms
2025-06-11 15:23:53 [WebDevelopmentService] info: POST /api/developer/most-active-developers 500 2ms
2025-06-11 15:24:37 [WebDevelopmentService] info: POST /api/developer/most-active-developers 500 71ms
2025-06-11 15:28:00 [WebDevelopmentService] info: POST /api/developer/most-active-developers 500 14ms
2025-06-11 15:28:52 [WebDevelopmentService] info: POST /api/developer/most-active-developers 500 15ms
2025-06-11 15:30:34 [WebDevelopmentService] info: POST /api/developer/most-active-developers 500 11ms
2025-06-11 15:30:35 [WebDevelopmentService] info: POST /api/developer/most-active-developers 500 4ms
2025-06-11 15:32:08 [WebDevelopmentService] info: POST /api/developer/most-active-developers 500 20ms
2025-06-11 15:33:02 [WebDevelopmentService] info: POST /api/developer/most-active-developers 500 19ms
2025-06-11 15:34:49 [WebDevelopmentService] info: POST /api/developer/most-active-developers 500 44ms
2025-06-11 15:36:10 [WebDevelopmentService] info: POST /api/developer/most-active-developers 500 28ms
2025-06-11 15:36:51 [WebDevelopmentService] info: POST /api/developer/most-active-developers 500 22ms
2025-06-11 15:37:30 [WebDevelopmentService] info: POST /api/developer/most-active-developers 500 32ms
2025-06-11 15:38:14 [WebDevelopmentService] info: POST /api/developer/most-active-developers 500 55ms
2025-06-11 15:38:55 [WebDevelopmentService] info: POST /api/developer/most-active-developers 500 22ms
2025-06-11 15:39:31 [WebDevelopmentService] info: POST /api/developer/most-active-developers 200 726ms
2025-06-11 15:40:07 [WebDevelopmentService] error: createContractDeveloper error: insert or update on table "contractDeveloper" violates foreign key constraint "contractDeveloper_developerId_fkey"
2025-06-11 15:40:07 [WebDevelopmentService] info: POST /api/contract-developer/ 500 1673ms
2025-06-11 15:40:23 [WebDevelopmentService] info: POST /api/contract-developer/ 201 802ms
2025-06-11 15:40:28 [WebDevelopmentService] info: POST /api/contract-developer/ 201 797ms
2025-06-11 15:40:31 [WebDevelopmentService] error: createContractDeveloper error: insert or update on table "contractDeveloper" violates foreign key constraint "contractDeveloper_developerId_fkey"
2025-06-11 15:40:31 [WebDevelopmentService] info: POST /api/contract-developer/ 500 708ms
2025-06-11 15:40:35 [WebDevelopmentService] error: createContractDeveloper error: insert or update on table "contractDeveloper" violates foreign key constraint "contractDeveloper_developerId_fkey"
2025-06-11 15:40:35 [WebDevelopmentService] info: POST /api/contract-developer/ 500 1129ms
2025-06-11 15:40:39 [WebDevelopmentService] info: POST /api/contract-developer/ 201 1018ms
2025-06-11 15:40:46 [WebDevelopmentService] info: POST /api/developer/most-active-developers 200 627ms
2025-06-11 15:41:36 [WebDevelopmentService] info: POST /api/developer/most-active-developers 500 33ms
2025-06-11 15:41:37 [WebDevelopmentService] info: POST /api/developer/most-active-developers 500 8ms
2025-06-11 15:42:25 [WebDevelopmentService] info: POST /api/developer/most-active-developers 500 39ms
2025-06-11 15:43:13 [WebDevelopmentService] info: POST /api/developer/most-active-developers 200 599ms
2025-06-11 15:57:11 [WebDevelopmentService] info: POST /api/payment/by-client 200 653ms
